<?xml version="1.0" encoding="UTF-8"?>
<testng-results skipped="0" failed="0" ignored="0" total="2" passed="2">
  <reporter-output>
  </reporter-output>
  <suite name="Default suite" duration-ms="58629" started-at="2020-01-11T06:08:18Z" finished-at="2020-01-11T06:09:17Z">
    <groups>
    </groups>
    <test name="Default test" duration-ms="58629" started-at="2020-01-11T06:08:18Z" finished-at="2020-01-11T06:09:17Z">
      <class name="testng.DataproviderDemo">
        <test-method status="PASS" signature="setup()[pri:0, instance:testng.DataproviderDemo@6093dd95]" name="setup" is-config="true" duration-ms="30430" started-at="2020-01-11T06:08:19Z" finished-at="2020-01-11T06:08:49Z">
          <reporter-output>
          </reporter-output>
        </test-method> <!-- setup -->
        <test-method status="PASS" signature="checkloginScenario(java.lang.String, java.lang.String)[pri:0, instance:testng.DataproviderDemo@6093dd95]" name="checkloginScenario" duration-ms="4110" started-at="2020-01-11T06:08:49Z" data-provider="logindataSupplier" finished-at="2020-01-11T06:08:54Z">
          <params>
            <param index="0">
              <value>
                <![CDATA[sachin]]>
              </value>
            </param>
            <param index="1">
              <value>
                <![CDATA[sachin123]]>
              </value>
            </param>
          </params>
          <reporter-output>
          </reporter-output>
        </test-method> <!-- checkloginScenario -->
        <test-method status="PASS" signature="setup()[pri:0, instance:testng.DataproviderDemo@6093dd95]" name="setup" is-config="true" duration-ms="16872" started-at="2020-01-11T06:08:54Z" finished-at="2020-01-11T06:09:10Z">
          <reporter-output>
          </reporter-output>
        </test-method> <!-- setup -->
        <test-method status="PASS" signature="checkloginScenario(java.lang.String, java.lang.String)[pri:0, instance:testng.DataproviderDemo@6093dd95]" name="checkloginScenario" duration-ms="6413" started-at="2020-01-11T06:09:10Z" data-provider="logindataSupplier" finished-at="2020-01-11T06:09:17Z">
          <params>
            <param index="0">
              <value>
                <![CDATA[ravi]]>
              </value>
            </param>
            <param index="1">
              <value>
                <![CDATA[ravi456]]>
              </value>
            </param>
          </params>
          <reporter-output>
          </reporter-output>
        </test-method> <!-- checkloginScenario -->
      </class> <!-- testng.DataproviderDemo -->
    </test> <!-- Default test -->
  </suite> <!-- Default suite -->
</testng-results>
